============================================================
  Generated by:           Genus(TM) Synthesis Solution 19.12-s121_1
  Generated on:           Oct 16 2021  06:27:03 pm
  Module:                 counter
  Technology library:     uk65lscllmvbbr_100c25_tc 
  Operating conditions:   uk65lscllmvbbr_100c25_tc (balanced_tree)
  Wireload mode:          top
  Area mode:              timing library
============================================================

Timing
--------

Clock  Period 
--------------
clk   10000.0 


  Cost    Critical         Violating 
 Group   Path Slack  TNS     Paths   
-------------------------------------
clk          8797.3   0.0          0 
default    No paths   0.0            
-------------------------------------
Total                 0.0          0 

Instance Count
--------------
Leaf Instance Count             8 
Physical Instance count         0 
Sequential Instance Count       3 
Combinational Instance Count    5 
Hierarchical Instance Count     0 

Area
----
Cell Area                          33.480
Physical Cell Area                 0.000
Total Cell Area (Cell+Physical)    33.480
Net Area                           0.000
Total Area (Cell+Physical+Net)     33.480

Max Fanout                         4 (out[0])
Min Fanout                         1 (n_0)
Average Fanout                     2.1
Terms to net ratio                 2.6667
Terms to instance ratio            4.0000
Runtime                            86.943702 seconds
Elapsed Runtime                    994 seconds
Genus peak memory usage            1749.60 
Innovus peak memory usage          no_value 
Hostname                           raman1.vlsi.ee.iitd.ac.in
